<?xml version="1.0" encoding="UTF-8"?>
<!-- Generated by org.testng.reporters.JUnitXMLReporter -->
<testsuite hostname="DALMACC02LW1JVFD58.local" name="Command line test" tests="3" failures="1" timestamp="9 Jun 2016 00:21:18 GMT" time="1.678" errors="0">
  <testcase name="printurl" time="0.857" classname="com.anu.githubrest.Tests">
    <failure type="java.lang.NullPointerException">
      <![CDATA[java.lang.NullPointerException
	at com.anu.githubrest.githubJsonParser.printurl(githubJsonParser.java:19)
	at com.anu.githubrest.Tests.printurl(Tests.java:53)
	at org.apache.maven.surefire.testng.TestNGExecutor.run(TestNGExecutor.java:77)
	at org.apache.maven.surefire.testng.TestNGDirectoryTestSuite.execute(TestNGDirectoryTestSuite.java:110)
	at org.apache.maven.surefire.testng.TestNGProvider.invoke(TestNGProvider.java:106)
	at org.apache.maven.surefire.util.ReflectionUtils.invokeMethodWithArray(ReflectionUtils.java:189)
	at org.apache.maven.surefire.booter.ProviderFactory$ProviderProxy.invoke(ProviderFactory.java:165)
	at org.apache.maven.surefire.booter.ProviderFactory.invokeProvider(ProviderFactory.java:85)
	at org.apache.maven.surefire.booter.ForkedBooter.runSuitesInProcess(ForkedBooter.java:115)
	at org.apache.maven.surefire.booter.ForkedBooter.main(ForkedBooter.java:75)
... Removed 25 stack frames]]>
    </failure>
  </testcase> <!-- printurl -->
  <testcase name="testReg" time="0.408" classname="com.anu.githubrest.Tests"/>
  <testcase name="testowner" time="0.403" classname="com.anu.githubrest.Tests"/>
</testsuite> <!-- Command line test -->
