<?xml version="1.0" encoding="UTF-8"?>
<testng-results skipped="0" failed="0" total="2" passed="2">
  <reporter-output>
  </reporter-output>
  <suite name="com.anu.githubrest.Tests" duration-ms="1964" started-at="2016-06-19T15:04:58Z" finished-at="2016-06-19T15:05:00Z">
    <groups>
    </groups>
    <test name="Command line test" duration-ms="1964" started-at="2016-06-19T15:04:58Z" finished-at="2016-06-19T15:05:00Z">
      <class name="com.anu.githubrest.Tests">
        <test-method status="PASS" signature="printurl()[pri:0, instance:com.anu.githubrest.Tests@edf4efb]" name="printurl" duration-ms="1538" started-at="2016-06-19T11:04:58Z" finished-at="2016-06-19T11:05:00Z">
          <reporter-output>
          </reporter-output>
        </test-method> <!-- printurl -->
        <test-method status="PASS" signature="testReg()[pri:0, instance:com.anu.githubrest.Tests@edf4efb]" name="testReg" duration-ms="413" started-at="2016-06-19T11:05:00Z" finished-at="2016-06-19T11:05:00Z">
          <reporter-output>
          </reporter-output>
        </test-method> <!-- testReg -->
      </class> <!-- com.anu.githubrest.Tests -->
    </test> <!-- Command line test -->
  </suite> <!-- com.anu.githubrest.Tests -->
</testng-results>
