<?xml version="1.0" encoding="UTF-8" ?>
<testsuite tests="3" failures="1" name="com.anu.githubrest.Tests" time="1.669" errors="0" skipped="0">
  <properties>
[...]
</properties>
  <testcase classname="com.anu.githubrest.Tests" name="printurl" time="0.86">
    <failure type="java.lang.NullPointerException">java.lang.NullPointerException
	at com.anu.githubrest.githubJsonParser.printurl(githubJsonParser.java:19)
	at com.anu.githubrest.Tests.printurl(Tests.java:53)
</failure>
    <system-out>Configuring TestNG with: org.apache.maven.surefire.testng.conf.TestNG652Configurator@7dc5e7b4
HttpResponseProxy{HTTP/1.1 200 OK [Server: GitHub.com, Date: Thu, 09 Jun 2016 00:21:17 GMT, Content-Type: application/json; charset=utf-8, Transfer-Encoding: chunked, Status: 200 OK, X-RateLimit-Limit: 60, X-RateLimit-Remaining: 45, X-RateLimit-Reset: 1465433507, Cache-Control: public, max-age=60, s-maxage=60, Vary: Accept, ETag: W/&quot;ebe6ae99fc473793e37aabff871cfae5&quot;, X-GitHub-Media-Type: github.v3; format=json, Access-Control-Expose-Headers: ETag, Link, X-GitHub-OTP, X-RateLimit-Limit, X-RateLimit-Remaining, X-RateLimit-Reset, X-OAuth-Scopes, X-Accepted-OAuth-Scopes, X-Poll-Interval, Access-Control-Allow-Origin: *, Content-Security-Policy: default-src &apos;none&apos;, Strict-Transport-Security: max-age=31536000; includeSubdomains; preload, X-Content-Type-Options: nosniff, X-Frame-Options: deny, X-XSS-Protection: 1; mode=block, Vary: Accept-Encoding, X-Served-By: 52437fedc85beec8da3449496900fb9a, X-GitHub-Request-Id: 4C7EE4B5:7F92:1CF99B9F:5758B67D] org.apache.http.client.entity.DecompressingEntity@2a3b5b47}
</system-out>
  </testcase>
  <testcase classname="com.anu.githubrest.Tests" name="testReg" time="0.406"/>
  <testcase classname="com.anu.githubrest.Tests" name="testowner" time="0.403"/>
</testsuite>