<?xml version="1.0" encoding="UTF-8"?>
<testng-results skipped="0" failed="0" total="1" passed="1">
  <reporter-output>
  </reporter-output>
  <suite name="Default suite" duration-ms="4367" started-at="2016-05-17T04:27:29Z" finished-at="2016-05-17T04:27:33Z">
    <groups>
    </groups>
    <test name="Default test" duration-ms="4367" started-at="2016-05-17T04:27:29Z" finished-at="2016-05-17T04:27:33Z">
      <class name="com.anu.githubrest.Tests">
        <test-method status="PASS" signature="testReg()[pri:0, instance:com.anu.githubrest.Tests@483bf400]" name="testReg" duration-ms="4348" started-at="2016-05-16T21:27:29Z" finished-at="2016-05-16T21:27:33Z">
          <reporter-output>
          </reporter-output>
        </test-method> <!-- testReg -->
      </class> <!-- com.anu.githubrest.Tests -->
    </test> <!-- Default test -->
  </suite> <!-- Default suite -->
</testng-results>
